Performing C SOURCE FILE Test CMAKE_HAVE_LIBC_PTHREAD failed with the following output:
Change Dir: /home/pi/projects/Rasppi/CMakeFiles/CMakeTmp

Run Build Command(s):/usr/bin/make -f Makefile cmTC_33066/fast && /usr/bin/make  -f CMakeFiles/cmTC_33066.dir/build.make CMakeFiles/cmTC_33066.dir/build
make[1]: Entering directory '/home/pi/projects/Rasppi/CMakeFiles/CMakeTmp'
Building C object CMakeFiles/cmTC_33066.dir/src.c.o
/usr/bin/cc -DCMAKE_HAVE_LIBC_PTHREAD   -o CMakeFiles/cmTC_33066.dir/src.c.o -c /home/pi/projects/Rasppi/CMakeFiles/CMakeTmp/src.c
Linking C executable cmTC_33066
/usr/local/bin/cmake -E cmake_link_script CMakeFiles/cmTC_33066.dir/link.txt --verbose=1
/usr/bin/cc -rdynamic CMakeFiles/cmTC_33066.dir/src.c.o -o cmTC_33066 
/usr/bin/ld: CMakeFiles/cmTC_33066.dir/src.c.o: in function `main':
src.c:(.text+0x40): undefined reference to `pthread_create'
/usr/bin/ld: src.c:(.text+0x4c): undefined reference to `pthread_detach'
/usr/bin/ld: src.c:(.text+0x58): undefined reference to `pthread_cancel'
/usr/bin/ld: src.c:(.text+0x68): undefined reference to `pthread_join'
collect2: error: ld returned 1 exit status
make[1]: *** [CMakeFiles/cmTC_33066.dir/build.make:99: cmTC_33066] Error 1
make[1]: Leaving directory '/home/pi/projects/Rasppi/CMakeFiles/CMakeTmp'
make: *** [Makefile:127: cmTC_33066/fast] Error 2


Source file was:
#include <pthread.h>

static void* test_func(void* data)
{
  return data;
}

int main(void)
{
  pthread_t thread;
  pthread_create(&thread, NULL, test_func, NULL);
  pthread_detach(thread);
  pthread_cancel(thread);
  pthread_join(thread, NULL);
  pthread_atfork(NULL, NULL, NULL);
  pthread_exit(NULL);

  return 0;
}

Performing C SOURCE FILE Test CMAKE_HAVE_LIBC_PTHREAD failed with the following output:
Change Dir: /home/pi/git/IoT/mqttCpp/CMakeFiles/CMakeTmp

Run Build Command(s):/usr/bin/make -f Makefile cmTC_98c8e/fast && /usr/bin/make  -f CMakeFiles/cmTC_98c8e.dir/build.make CMakeFiles/cmTC_98c8e.dir/build
make[1]: Entering directory '/home/pi/git/IoT/mqttCpp/CMakeFiles/CMakeTmp'
Building C object CMakeFiles/cmTC_98c8e.dir/src.c.o
/usr/bin/cc -DCMAKE_HAVE_LIBC_PTHREAD   -o CMakeFiles/cmTC_98c8e.dir/src.c.o -c /home/pi/git/IoT/mqttCpp/CMakeFiles/CMakeTmp/src.c
Linking C executable cmTC_98c8e
/usr/local/bin/cmake -E cmake_link_script CMakeFiles/cmTC_98c8e.dir/link.txt --verbose=1
/usr/bin/cc CMakeFiles/cmTC_98c8e.dir/src.c.o -o cmTC_98c8e 
/usr/bin/ld: CMakeFiles/cmTC_98c8e.dir/src.c.o: in function `main':
src.c:(.text+0x40): undefined reference to `pthread_create'
/usr/bin/ld: src.c:(.text+0x4c): undefined reference to `pthread_detach'
/usr/bin/ld: src.c:(.text+0x58): undefined reference to `pthread_cancel'
/usr/bin/ld: src.c:(.text+0x68): undefined reference to `pthread_join'
collect2: error: ld returned 1 exit status
make[1]: *** [CMakeFiles/cmTC_98c8e.dir/build.make:99: cmTC_98c8e] Error 1
make[1]: Leaving directory '/home/pi/git/IoT/mqttCpp/CMakeFiles/CMakeTmp'
make: *** [Makefile:127: cmTC_98c8e/fast] Error 2


Source file was:
#include <pthread.h>

static void* test_func(void* data)
{
  return data;
}

int main(void)
{
  pthread_t thread;
  pthread_create(&thread, NULL, test_func, NULL);
  pthread_detach(thread);
  pthread_cancel(thread);
  pthread_join(thread, NULL);
  pthread_atfork(NULL, NULL, NULL);
  pthread_exit(NULL);

  return 0;
}

